  main.c
C:\Users\billy\OneDrive\Desktop\asteroids\src\main.c(184,28): warning C4113: 'void (__cdecl *)(int,int,int,int)' differs in parameter lists from 'void (__cdecl *)(void)'
C:\Users\billy\OneDrive\Desktop\asteroids\src\main.c(187,25): warning C4113: 'void (__cdecl *)()' differs in parameter lists from 'void (__cdecl *)(void)'
C:\Users\billy\OneDrive\Desktop\asteroids\src\main.c(217,62): warning C4244: 'function': conversion from 'double' to 'GLfloat', possible loss of data
C:\Users\billy\OneDrive\Desktop\asteroids\src\main.c(217,106): warning C4244: 'function': conversion from 'double' to 'GLfloat', possible loss of data
C:\Users\billy\OneDrive\Desktop\asteroids\src\main.c(218,87): warning C4244: 'function': conversion from 'double' to 'GLfloat', possible loss of data
C:\Users\billy\OneDrive\Desktop\asteroids\src\main.c(218,155): warning C4244: 'function': conversion from 'double' to 'GLfloat', possible loss of data
C:\Users\billy\OneDrive\Desktop\asteroids\src\main.c(219,61): warning C4244: 'function': conversion from 'double' to 'GLfloat', possible loss of data
C:\Users\billy\OneDrive\Desktop\asteroids\src\main.c(219,104): warning C4244: 'function': conversion from 'double' to 'GLfloat', possible loss of data
C:\Users\billy\OneDrive\Desktop\asteroids\src\main.c(220,87): warning C4244: 'function': conversion from 'double' to 'GLfloat', possible loss of data
C:\Users\billy\OneDrive\Desktop\asteroids\src\main.c(220,155): warning C4244: 'function': conversion from 'double' to 'GLfloat', possible loss of data
C:\Users\billy\OneDrive\Desktop\asteroids\src\main.c(225,62): warning C4244: 'function': conversion from 'double' to 'GLfloat', possible loss of data
C:\Users\billy\OneDrive\Desktop\asteroids\src\main.c(225,106): warning C4244: 'function': conversion from 'double' to 'GLfloat', possible loss of data
C:\Users\billy\OneDrive\Desktop\asteroids\src\main.c(226,61): warning C4244: 'function': conversion from 'double' to 'GLfloat', possible loss of data
C:\Users\billy\OneDrive\Desktop\asteroids\src\main.c(226,104): warning C4244: 'function': conversion from 'double' to 'GLfloat', possible loss of data
C:\Users\billy\OneDrive\Desktop\asteroids\src\main.c(238,52): warning C4244: 'function': conversion from 'double' to 'GLfloat', possible loss of data
C:\Users\billy\OneDrive\Desktop\asteroids\src\main.c(238,86): warning C4244: 'function': conversion from 'double' to 'GLfloat', possible loss of data
C:\Users\billy\OneDrive\Desktop\asteroids\src\main.c(239,52): warning C4244: 'function': conversion from 'double' to 'GLfloat', possible loss of data
C:\Users\billy\OneDrive\Desktop\asteroids\src\main.c(239,86): warning C4244: 'function': conversion from 'double' to 'GLfloat', possible loss of data
C:\Users\billy\OneDrive\Desktop\asteroids\src\main.c(240,52): warning C4244: 'function': conversion from 'double' to 'GLfloat', possible loss of data
C:\Users\billy\OneDrive\Desktop\asteroids\src\main.c(240,86): warning C4244: 'function': conversion from 'double' to 'GLfloat', possible loss of data
C:\Users\billy\OneDrive\Desktop\asteroids\src\main.c(241,52): warning C4244: 'function': conversion from 'double' to 'GLfloat', possible loss of data
C:\Users\billy\OneDrive\Desktop\asteroids\src\main.c(241,86): warning C4244: 'function': conversion from 'double' to 'GLfloat', possible loss of data
C:\Users\billy\OneDrive\Desktop\asteroids\src\main.c(243,41): warning C4133: '=': incompatible types - from 'projectile_t *' to 'projectile_t *'
C:\Users\billy\OneDrive\Desktop\asteroids\src\main.c(252,50): warning C4244: 'function': conversion from 'double' to 'GLfloat', possible loss of data
C:\Users\billy\OneDrive\Desktop\asteroids\src\main.c(252,82): warning C4244: 'function': conversion from 'double' to 'GLfloat', possible loss of data
C:\Users\billy\OneDrive\Desktop\asteroids\src\main.c(253,50): warning C4244: 'function': conversion from 'double' to 'GLfloat', possible loss of data
C:\Users\billy\OneDrive\Desktop\asteroids\src\main.c(253,82): warning C4244: 'function': conversion from 'double' to 'GLfloat', possible loss of data
C:\Users\billy\OneDrive\Desktop\asteroids\src\main.c(254,50): warning C4244: 'function': conversion from 'double' to 'GLfloat', possible loss of data
C:\Users\billy\OneDrive\Desktop\asteroids\src\main.c(254,82): warning C4244: 'function': conversion from 'double' to 'GLfloat', possible loss of data
C:\Users\billy\OneDrive\Desktop\asteroids\src\main.c(255,50): warning C4244: 'function': conversion from 'double' to 'GLfloat', possible loss of data
C:\Users\billy\OneDrive\Desktop\asteroids\src\main.c(255,82): warning C4244: 'function': conversion from 'double' to 'GLfloat', possible loss of data
C:\Users\billy\OneDrive\Desktop\asteroids\src\main.c(257,31): warning C4133: '=': incompatible types - from 'particle_puff_t *' to 'particle_puff_t *'
C:\Users\billy\OneDrive\Desktop\asteroids\src\main.c(264,84): warning C4244: 'function': conversion from 'double' to 'GLfloat', possible loss of data
C:\Users\billy\OneDrive\Desktop\asteroids\src\main.c(265,77): warning C4244: 'function': conversion from 'double' to 'GLfloat', possible loss of data
C:\Users\billy\OneDrive\Desktop\asteroids\src\main.c(276,127): warning C4244: 'function': conversion from 'double' to 'GLfloat', possible loss of data
C:\Users\billy\OneDrive\Desktop\asteroids\src\main.c(277,122): warning C4244: 'function': conversion from 'double' to 'GLfloat', possible loss of data
C:\Users\billy\OneDrive\Desktop\asteroids\src\main.c(280,37): warning C4133: '=': incompatible types - from 'asteroid_t *' to 'asteroid_t *'
C:\Users\billy\OneDrive\Desktop\asteroids\src\main.c(288,93): warning C4244: 'function': conversion from 'double' to 'GLfloat', possible loss of data
C:\Users\billy\OneDrive\Desktop\asteroids\src\main.c(289,86): warning C4244: 'function': conversion from 'double' to 'GLfloat', possible loss of data
C:\Users\billy\OneDrive\Desktop\asteroids\src\main.c(290,93): warning C4244: 'function': conversion from 'double' to 'GLfloat', possible loss of data
C:\Users\billy\OneDrive\Desktop\asteroids\src\main.c(291,86): warning C4244: 'function': conversion from 'double' to 'GLfloat', possible loss of data
C:\Users\billy\OneDrive\Desktop\asteroids\src\main.c(323,111): warning C4244: 'function': conversion from 'double' to 'GLfloat', possible loss of data
C:\Users\billy\OneDrive\Desktop\asteroids\src\main.c(324,104): warning C4244: 'function': conversion from 'double' to 'GLfloat', possible loss of data
C:\Users\billy\OneDrive\Desktop\asteroids\src\main.c(325,111): warning C4244: 'function': conversion from 'double' to 'GLfloat', possible loss of data
C:\Users\billy\OneDrive\Desktop\asteroids\src\main.c(326,104): warning C4244: 'function': conversion from 'double' to 'GLfloat', possible loss of data
C:\Users\billy\OneDrive\Desktop\asteroids\src\main.c(336,45): warning C4244: 'function': conversion from 'double' to 'GLfloat', possible loss of data
C:\Users\billy\OneDrive\Desktop\asteroids\src\main.c(337,29): warning C4244: 'function': conversion from 'int' to 'GLfloat', possible loss of data
C:\Users\billy\OneDrive\Desktop\asteroids\src\main.c(337,36): warning C4244: 'function': conversion from 'int' to 'GLfloat', possible loss of data
C:\Users\billy\OneDrive\Desktop\asteroids\src\main.c(338,29): warning C4244: 'function': conversion from 'int' to 'GLfloat', possible loss of data
C:\Users\billy\OneDrive\Desktop\asteroids\src\main.c(338,48): warning C4244: 'function': conversion from 'int' to 'GLfloat', possible loss of data
C:\Users\billy\OneDrive\Desktop\asteroids\src\main.c(339,40): warning C4244: 'function': conversion from 'int' to 'GLfloat', possible loss of data
C:\Users\billy\OneDrive\Desktop\asteroids\src\main.c(339,59): warning C4244: 'function': conversion from 'int' to 'GLfloat', possible loss of data
C:\Users\billy\OneDrive\Desktop\asteroids\src\main.c(340,40): warning C4244: 'function': conversion from 'int' to 'GLfloat', possible loss of data
C:\Users\billy\OneDrive\Desktop\asteroids\src\main.c(340,47): warning C4244: 'function': conversion from 'int' to 'GLfloat', possible loss of data
C:\Users\billy\OneDrive\Desktop\asteroids\src\main.c(403,73): warning C4244: '=': conversion from 'double' to 'float', possible loss of data
C:\Users\billy\OneDrive\Desktop\asteroids\src\main.c(406,77): warning C4244: '=': conversion from 'double' to 'float', possible loss of data
C:\Users\billy\OneDrive\Desktop\asteroids\src\main.c(410,79): warning C4244: '=': conversion from 'double' to 'float', possible loss of data
C:\Users\billy\OneDrive\Desktop\asteroids\src\main.c(411,79): warning C4244: '=': conversion from 'double' to 'float', possible loss of data
C:\Users\billy\OneDrive\Desktop\asteroids\src\main.c(415,83): warning C4244: '=': conversion from 'double' to 'float', possible loss of data
C:\Users\billy\OneDrive\Desktop\asteroids\src\main.c(416,83): warning C4244: '=': conversion from 'double' to 'float', possible loss of data
C:\Users\billy\OneDrive\Desktop\asteroids\src\main.c(420,73): warning C4244: '=': conversion from 'double' to 'float', possible loss of data
C:\Users\billy\OneDrive\Desktop\asteroids\src\main.c(422,77): warning C4244: '=': conversion from 'double' to 'float', possible loss of data
C:\Users\billy\OneDrive\Desktop\asteroids\src\main.c(470,55): warning C4133: '=': incompatible types - from 'asteroid_t *' to 'asteroid_t *'
C:\Users\billy\OneDrive\Desktop\asteroids\src\main.c(486,41): warning C4133: '=': incompatible types - from 'projectile_t *' to 'projectile_t *'
C:\Users\billy\OneDrive\Desktop\asteroids\src\main.c(491,37): warning C4133: '=': incompatible types - from 'asteroid_t *' to 'asteroid_t *'
C:\Users\billy\OneDrive\Desktop\asteroids\src\main.c(500,31): warning C4133: '=': incompatible types - from 'particle_puff_t *' to 'particle_puff_t *'
C:\Users\billy\OneDrive\Desktop\asteroids\src\main.c(516,246): warning C4244: '=': conversion from 'double' to 'float', possible loss of data
C:\Users\billy\OneDrive\Desktop\asteroids\src\main.c(517,253): warning C4244: '=': conversion from 'double' to 'float', possible loss of data
C:\Users\billy\OneDrive\Desktop\asteroids\src\main.c(539,41): warning C4133: '=': incompatible types - from 'asteroid_t *' to 'asteroid_t *'
C:\Users\billy\OneDrive\Desktop\asteroids\src\main.c(577,37): warning C4133: '=': incompatible types - from 'asteroid_t *' to 'asteroid_t *'
C:\Users\billy\OneDrive\Desktop\asteroids\src\main.c(586,41): warning C4244: '=': conversion from 'double' to 'float', possible loss of data
C:\Users\billy\OneDrive\Desktop\asteroids\src\main.c(609,58): warning C4244: '=': conversion from 'double' to 'float', possible loss of data
C:\Users\billy\OneDrive\Desktop\asteroids\src\main.c(610,58): warning C4244: '=': conversion from 'double' to 'float', possible loss of data
C:\Users\billy\OneDrive\Desktop\asteroids\src\main.c(611,42): warning C4133: '=': incompatible types - from 'projectile_t *' to 'projectile_t *'
C:\Users\billy\OneDrive\Desktop\asteroids\src\main.c(624,51): warning C4244: '=': conversion from 'int' to 'float', possible loss of data
C:\Users\billy\OneDrive\Desktop\asteroids\src\main.c(628,51): warning C4244: '=': conversion from 'int' to 'float', possible loss of data
C:\Users\billy\OneDrive\Desktop\asteroids\src\main.c(631,50): warning C4244: '=': conversion from 'int' to 'float', possible loss of data
C:\Users\billy\OneDrive\Desktop\asteroids\src\main.c(635,50): warning C4244: '=': conversion from 'int' to 'float', possible loss of data
C:\Users\billy\OneDrive\Desktop\asteroids\src\main.c(644,100): warning C4244: '=': conversion from 'double' to 'float', possible loss of data
C:\Users\billy\OneDrive\Desktop\asteroids\src\main.c(645,104): warning C4244: '=': conversion from 'double' to 'float', possible loss of data
C:\Users\billy\OneDrive\Desktop\asteroids\src\main.c(648,40): warning C4244: '=': conversion from 'int' to 'float', possible loss of data
C:\Users\billy\OneDrive\Desktop\asteroids\src\main.c(651,98): warning C4244: '=': conversion from 'double' to 'int', possible loss of data
C:\Users\billy\OneDrive\Desktop\asteroids\src\main.c(652,98): warning C4244: '=': conversion from 'double' to 'int', possible loss of data
C:\Users\billy\OneDrive\Desktop\asteroids\src\main.c(654,37): warning C4133: '=': incompatible types - from 'asteroid_t *' to 'asteroid_t *'
C:\Users\billy\OneDrive\Desktop\asteroids\src\main.c(689,67): warning C4244: '=': conversion from 'double' to 'float', possible loss of data
C:\Users\billy\OneDrive\Desktop\asteroids\src\main.c(699,211): warning C4244: '=': conversion from 'double' to 'float', possible loss of data
C:\Users\billy\OneDrive\Desktop\asteroids\src\main.c(700,212): warning C4244: '=': conversion from 'double' to 'float', possible loss of data
C:\Users\billy\OneDrive\Desktop\asteroids\src\main.c(708,77): warning C4244: '=': conversion from 'double' to 'float', possible loss of data
C:\Users\billy\OneDrive\Desktop\asteroids\src\main.c(709,78): warning C4244: '=': conversion from 'double' to 'float', possible loss of data
C:\Users\billy\OneDrive\Desktop\asteroids\src\main.c(713,39): warning C4133: '=': incompatible types - from 'asteroid_t *' to 'asteroid_t *'
C:\Users\billy\OneDrive\Desktop\asteroids\src\main.c(724,37): warning C4133: '=': incompatible types - from 'asteroid_t *' to 'asteroid_t *'
C:\Users\billy\OneDrive\Desktop\asteroids\src\main.c(748,54): warning C4244: '=': conversion from 'double' to 'float', possible loss of data
C:\Users\billy\OneDrive\Desktop\asteroids\src\main.c(749,55): warning C4244: '=': conversion from 'double' to 'float', possible loss of data
C:\Users\billy\OneDrive\Desktop\asteroids\src\main.c(754,144): warning C4244: '=': conversion from 'double' to 'int', possible loss of data
C:\Users\billy\OneDrive\Desktop\asteroids\src\main.c(755,144): warning C4244: '=': conversion from 'double' to 'int', possible loss of data
C:\Users\billy\OneDrive\Desktop\asteroids\src\main.c(758,148): warning C4244: '=': conversion from 'double' to 'int', possible loss of data
C:\Users\billy\OneDrive\Desktop\asteroids\src\main.c(759,148): warning C4244: '=': conversion from 'double' to 'int', possible loss of data
C:\Users\billy\OneDrive\Desktop\asteroids\src\main.c(762,51): warning C4133: '=': incompatible types - from 'asteroid_t *' to 'asteroid_t *'
C:\Users\billy\OneDrive\Desktop\asteroids\src\main.c(763,62): warning C4133: '=': incompatible types - from 'asteroid_t *' to 'asteroid_t *'
C:\Users\billy\OneDrive\Desktop\asteroids\src\main.c(734,1): warning C4244: 'initializing': conversion from 'double' to 'float', possible loss of data
C:\Users\billy\OneDrive\Desktop\asteroids\src\main.c(735,1): warning C4244: 'initializing': conversion from 'double' to 'float', possible loss of data
C:\Users\billy\OneDrive\Desktop\asteroids\src\main.c(736,1): warning C4244: 'initializing': conversion from 'double' to 'float', possible loss of data
C:\Users\billy\OneDrive\Desktop\asteroids\src\main.c(780,41): warning C4133: '=': incompatible types - from 'projectile_t *' to 'projectile_t *'
C:\Users\billy\OneDrive\Desktop\asteroids\src\main.c(797,42): warning C4133: '!=': incompatible types - from 'projectile_t *' to 'projectile_t *'
C:\Users\billy\OneDrive\Desktop\asteroids\src\main.c(798,37): warning C4133: '=': incompatible types - from 'projectile_t *' to 'projectile_t *'
C:\Users\billy\OneDrive\Desktop\asteroids\src\main.c(801,12): warning C4553: '==': result of expression not used; did you intend '='?
C:\Users\billy\OneDrive\Desktop\asteroids\src\main.c(816,40): warning C4133: '!=': incompatible types - from 'asteroid_t *' to 'asteroid_t *'
C:\Users\billy\OneDrive\Desktop\asteroids\src\main.c(817,35): warning C4133: '=': incompatible types - from 'asteroid_t *' to 'asteroid_t *'
C:\Users\billy\OneDrive\Desktop\asteroids\src\main.c(820,11): warning C4553: '==': result of expression not used; did you intend '='?
C:\Users\billy\OneDrive\Desktop\asteroids\src\main.c(829,94): warning C4244: '=': conversion from 'double' to 'float', possible loss of data
C:\Users\billy\OneDrive\Desktop\asteroids\src\main.c(830,94): warning C4244: '=': conversion from 'double' to 'float', possible loss of data
C:\Users\billy\OneDrive\Desktop\asteroids\src\main.c(832,28): warning C4133: '=': incompatible types - from 'particle_puff_t *' to 'particle_puff_t *'
C:\Users\billy\OneDrive\Desktop\asteroids\src\main.c(842,33): warning C4133: '=': incompatible types - from 'particle_puff_t *' to 'particle_puff_t *'
C:\Users\billy\OneDrive\Desktop\asteroids\src\main.c(855,49): warning C4244: '=': conversion from 'int' to 'float', possible loss of data
C:\Users\billy\OneDrive\Desktop\asteroids\src\main.c(859,49): warning C4244: '=': conversion from 'int' to 'float', possible loss of data
C:\Users\billy\OneDrive\Desktop\asteroids\src\main.c(862,48): warning C4244: '=': conversion from 'int' to 'float', possible loss of data
C:\Users\billy\OneDrive\Desktop\asteroids\src\main.c(866,48): warning C4244: '=': conversion from 'int' to 'float', possible loss of data
C:\Users\billy\OneDrive\Desktop\asteroids\src\main.c(877,106): warning C4244: '=': conversion from 'double' to 'float', possible loss of data
C:\Users\billy\OneDrive\Desktop\asteroids\src\main.c(878,106): warning C4244: '=': conversion from 'double' to 'float', possible loss of data
C:\Users\billy\OneDrive\Desktop\asteroids\src\main.c(886,35): warning C4244: '=': conversion from 'double' to 'float', possible loss of data
C:\Users\billy\OneDrive\Desktop\asteroids\src\main.c(907,37): warning C4133: '=': incompatible types - from 'asteroid_t *' to 'asteroid_t *'
  i3d.vcxproj -> C:\Users\billy\OneDrive\Desktop\asteroids\vs\\..\i3d64dbg.exe
